# JRE version: OpenJDK Runtime Environment Microsoft-8035246 (17.0.8+7) (build 17.0.8+7-LTS)
# Java VM: OpenJDK 64-Bit Server VM Microsoft-8035246 (17.0.8+7-LTS, mixed mode, sharing, tiered, compressed oops, compressed class ptrs, g1 gc, windows-amd64)
GC Precious Log:
 CPUs: 12 total, 12 available
 Memory: 7549M
 Large Page Support: Disabled
 NUMA Support: Disabled
 Compressed Oops: Enabled (32-bit)
 Heap Region Size: 1M
 Heap Min Capacity: 8M
 Heap Initial Capacity: 118M
 Heap Max Capacity: 2G
 Pre-touch: Disabled
 Parallel Workers: 10
 Concurrent Workers: 3
 Concurrent Refinement Workers: 10
 Periodic GC: Disabled
Heap:
 garbage-first heap   total 302080K, used 215128K [0x0000000080000000, 0x0000000100000000)
  region size 1024K, 31 young (31744K), 6 survivors (6144K)
 Metaspace       used 99820K, committed 100928K, reserved 557056K
  class space    used 14036K, committed 14592K, reserved 425984K
GC Heap History (20 events):
Event: 18.664 GC heap before
{Heap before GC invocations=37 (full 0):
 garbage-first heap   total 276480K, used 210435K [0x0000000080000000, 0x0000000100000000)
  region size 1024K, 115 young (117760K), 12 survivors (12288K)
 Metaspace       used 89363K, committed 90368K, reserved 557056K
  class space    used 12589K, committed 13056K, reserved 425984K
}
Event: 18.694 GC heap after
{Heap after GC invocations=38 (full 0):
 garbage-first heap   total 276480K, used 127540K [0x0000000080000000, 0x0000000100000000)
  region size 1024K, 15 young (15360K), 15 survivors (15360K)
 Metaspace       used 89363K, committed 90368K, reserved 557056K
  class space    used 12589K, committed 13056K, reserved 425984K
}
Event: 19.901 GC heap before
{Heap before GC invocations=38 (full 0):
 garbage-first heap   total 276480K, used 213556K [0x0000000080000000, 0x0000000100000000)
  region size 1024K, 94 young (96256K), 15 survivors (15360K)
 Metaspace       used 90272K, committed 91200K, reserved 557056K
  class space    used 12691K, committed 13120K, reserved 425984K
}
Event: 19.927 GC heap after
{Heap after GC invocations=39 (full 0):
 garbage-first heap   total 276480K, used 153349K [0x0000000080000000, 0x0000000100000000)
  region size 1024K, 12 young (12288K), 12 survivors (12288K)
 Metaspace       used 90272K, committed 91200K, reserved 557056K
  class space    used 12691K, committed 13120K, reserved 425984K
}
Event: 20.529 GC heap before
{Heap before GC invocations=39 (full 0):
 garbage-first heap   total 276480K, used 213765K [0x0000000080000000, 0x0000000100000000)
  region size 1024K, 71 young (72704K), 12 survivors (12288K)
 Metaspace       used 94882K, committed 95936K, reserved 557056K
  class space    used 13354K, committed 13888K, reserved 425984K
}
Event: 20.539 GC heap after
{Heap after GC invocations=40 (full 0):
 garbage-first heap   total 276480K, used 158179K [0x0000000080000000, 0x0000000100000000)
  region size 1024K, 4 young (4096K), 4 survivors (4096K)
 Metaspace       used 94882K, committed 95936K, reserved 557056K
  class space    used 13354K, committed 13888K, reserved 425984K
}
Event: 21.377 GC heap before
{Heap before GC invocations=41 (full 0):
 garbage-first heap   total 276480K, used 215523K [0x0000000080000000, 0x0000000100000000)
  region size 1024K, 63 young (64512K), 4 survivors (4096K)
 Metaspace       used 97209K, committed 98176K, reserved 557056K
  class space    used 13662K, committed 14144K, reserved 425984K
}
Event: 21.391 GC heap after
{Heap after GC invocations=42 (full 0):
 garbage-first heap   total 276480K, used 161792K [0x0000000080000000, 0x0000000100000000)
  region size 1024K, 8 young (8192K), 8 survivors (8192K)
 Metaspace       used 97209K, committed 98176K, reserved 557056K
  class space    used 13662K, committed 14144K, reserved 425984K
}
Event: 21.462 GC heap before
{Heap before GC invocations=42 (full 0):
 garbage-first heap   total 276480K, used 166912K [0x0000000080000000, 0x0000000100000000)
  region size 1024K, 13 young (13312K), 8 survivors (8192K)
 Metaspace       used 97282K, committed 98304K, reserved 557056K
  class space    used 13668K, committed 14208K, reserved 425984K
}
Event: 21.471 GC heap after
{Heap after GC invocations=43 (full 0):
 garbage-first heap   total 276480K, used 163052K [0x0000000080000000, 0x0000000100000000)
  region size 1024K, 2 young (2048K), 2 survivors (2048K)
 Metaspace       used 97282K, committed 98304K, reserved 557056K
  class space    used 13668K, committed 14208K, reserved 425984K
}
Event: 22.136 GC heap before
{Heap before GC invocations=43 (full 0):
 garbage-first heap   total 276480K, used 221420K [0x0000000080000000, 0x0000000100000000)
  region size 1024K, 59 young (60416K), 2 survivors (2048K)
 Metaspace       used 97938K, committed 99008K, reserved 557056K
  class space    used 13719K, committed 14208K, reserved 425984K
}
Event: 22.147 GC heap after
{Heap after GC invocations=44 (full 0):
 garbage-first heap   total 276480K, used 168252K [0x0000000080000000, 0x0000000100000000)
  region size 1024K, 7 young (7168K), 7 survivors (7168K)
 Metaspace       used 97938K, committed 99008K, reserved 557056K
  class space    used 13719K, committed 14208K, reserved 425984K
}
Event: 22.832 GC heap before
{Heap before GC invocations=45 (full 0):
 garbage-first heap   total 302080K, used 223548K [0x0000000080000000, 0x0000000100000000)
  region size 1024K, 62 young (63488K), 7 survivors (7168K)
 Metaspace       used 99128K, committed 100160K, reserved 557056K
  class space    used 13967K, committed 14464K, reserved 425984K
}
Event: 22.841 GC heap after
{Heap after GC invocations=46 (full 0):
 garbage-first heap   total 302080K, used 172171K [0x0000000080000000, 0x0000000100000000)
  region size 1024K, 4 young (4096K), 4 survivors (4096K)
 Metaspace       used 99128K, committed 100160K, reserved 557056K
  class space    used 13967K, committed 14464K, reserved 425984K
}
Event: 22.972 GC heap before
{Heap before GC invocations=46 (full 0):
 garbage-first heap   total 302080K, used 181387K [0x0000000080000000, 0x0000000100000000)
  region size 1024K, 14 young (14336K), 4 survivors (4096K)
 Metaspace       used 99192K, committed 100288K, reserved 557056K
  class space    used 13967K, committed 14464K, reserved 425984K
}
Event: 22.979 GC heap after
{Heap after GC invocations=47 (full 0):
 garbage-first heap   total 302080K, used 171741K [0x0000000080000000, 0x0000000100000000)
  region size 1024K, 1 young (1024K), 1 survivors (1024K)
 Metaspace       used 99192K, committed 100288K, reserved 557056K
  class space    used 13967K, committed 14464K, reserved 425984K
}
Event: 23.641 GC heap before
{Heap before GC invocations=47 (full 0):
 garbage-first heap   total 302080K, used 244445K [0x0000000080000000, 0x0000000100000000)
  region size 1024K, 73 young (74752K), 1 survivors (1024K)
 Metaspace       used 99550K, committed 100608K, reserved 557056K
  class space    used 14022K, committed 14528K, reserved 425984K
}
Event: 23.649 GC heap after
{Heap after GC invocations=48 (full 0):
 garbage-first heap   total 302080K, used 177803K [0x0000000080000000, 0x0000000100000000)
  region size 1024K, 7 young (7168K), 7 survivors (7168K)
 Metaspace       used 99550K, committed 100608K, reserved 557056K
  class space    used 14022K, committed 14528K, reserved 425984K
}
Event: 24.923 GC heap before
{Heap before GC invocations=48 (full 0):
 garbage-first heap   total 302080K, used 258699K [0x0000000080000000, 0x0000000100000000)
  region size 1024K, 75 young (76800K), 7 survivors (7168K)
 Metaspace       used 99738K, committed 100864K, reserved 557056K
  class space    used 14035K, committed 14592K, reserved 425984K
}
Event: 24.936 GC heap after
{Heap after GC invocations=49 (full 0):
 garbage-first heap   total 302080K, used 187480K [0x0000000080000000, 0x0000000100000000)
  region size 1024K, 6 young (6144K), 6 survivors (6144K)
 Metaspace       used 99738K, committed 100864K, reserved 557056K
  class space    used 14035K, committed 14592K, reserved 425984K
}

